<?xml version="1.0" encoding="UTF-8"?>
<testng-results skipped="0" failed="0" ignored="0" total="1" passed="1">
  <reporter-output>
  </reporter-output>
  <suite name="Default suite" duration-ms="6888" started-at="2021-09-16T06:55:34 IST" finished-at="2021-09-16T06:55:41 IST">
    <groups>
    </groups>
    <test name="Default test" duration-ms="6888" started-at="2021-09-16T06:55:34 IST" finished-at="2021-09-16T06:55:41 IST">
      <class name="Page_Tests.Login_test">
        <test-method status="PASS" signature="open_Browser()[pri:0, instance:Page_Tests.Login_test@2de8284b]" name="open_Browser" is-config="true" duration-ms="4496" started-at="2021-09-16T06:55:34 IST" finished-at="2021-09-16T06:55:38 IST">
          <reporter-output>
          </reporter-output>
        </test-method> <!-- open_Browser -->
        <test-method status="PASS" signature="run_login_test()[pri:0, instance:Page_Tests.Login_test@2de8284b]" name="run_login_test" duration-ms="2259" started-at="2021-09-16T06:55:38 IST" finished-at="2021-09-16T06:55:41 IST">
          <reporter-output>
          </reporter-output>
        </test-method> <!-- run_login_test -->
        <test-method status="PASS" signature="get_page_title()[pri:0, instance:Page_Tests.Login_test@2de8284b]" name="get_page_title" is-config="true" duration-ms="97" started-at="2021-09-16T06:55:41 IST" finished-at="2021-09-16T06:55:41 IST">
          <reporter-output>
          </reporter-output>
        </test-method> <!-- get_page_title -->
      </class> <!-- Page_Tests.Login_test -->
    </test> <!-- Default test -->
  </suite> <!-- Default suite -->
</testng-results>
